Using pre-set license
Built from '2020.3/staging' branch; Version is '2020.3.6f1 (338bb68529b2) revision 3378102'; Using compiler version '192528614'; Build Type 'Release'
OS: 'Windows 10 Home; OS build 19042.928; Version 2009; 64bit' Language: 'en' Physical Memory: 16249 MB
BatchMode: 1, IsHumanControllingUs: 0, StartBugReporterOnCrash: 0, Is64bit: 1, IsPro: 0

 COMMAND LINE ARGUMENTS:
C:\Program Files\Unity\Hub\Editor\2020.3.6f1\Editor\Unity.exe
-adb2
-batchMode
-noUpm
-name
AssetImportWorker0
-projectPath
D:/unity/Paint Jam 2021/paint-jam-2021
-logFile
Logs/AssetImportWorker0.log
-srvPort
54685
Successfully changed project path to: D:/unity/Paint Jam 2021/paint-jam-2021
D:/unity/Paint Jam 2021/paint-jam-2021
Using Asset Import Pipeline V2.
Refreshing native plugins compatible for Editor in 53.80 ms, found 10 plugins.
Preloading 0 native plugins for Editor in 0.00 ms.
Initialize engine version: 2020.3.6f1 (338bb68529b2)
[Subsystems] Discovering subsystems at path C:/Program Files/Unity/Hub/Editor/2020.3.6f1/Editor/Data/Resources/UnitySubsystems
[Subsystems] Discovering subsystems at path D:/unity/Paint Jam 2021/paint-jam-2021/Assets
GfxDevice: creating device client; threaded=0
Direct3D:
    Version:  Direct3D 11.0 [level 11.1]
    Renderer: NVIDIA GeForce GTX 1060 with Max-Q Design (ID=0x1c20)
    Vendor:   
    VRAM:     6052 MB
    Driver:   27.21.14.5167
Initialize mono
Mono path[0] = 'C:/Program Files/Unity/Hub/Editor/2020.3.6f1/Editor/Data/Managed'
Mono path[1] = 'C:/Program Files/Unity/Hub/Editor/2020.3.6f1/Editor/Data/MonoBleedingEdge/lib/mono/unityjit'
Mono config path = 'C:/Program Files/Unity/Hub/Editor/2020.3.6f1/Editor/Data/MonoBleedingEdge/etc'
Using monoOptions --debugger-agent=transport=dt_socket,embedding=1,server=y,suspend=n,address=127.0.0.1:56072
Begin MonoManager ReloadAssembly
Registering precompiled unity dll's ...
Register platform support module: C:/Program Files/Unity/Hub/Editor/2020.3.6f1/Editor/Data/PlaybackEngines/WebGLSupport/UnityEditor.WebGL.Extensions.dll
Register platform support module: C:/Program Files/Unity/Hub/Editor/2020.3.6f1/Editor/Data/PlaybackEngines/MacStandaloneSupport/UnityEditor.OSXStandalone.Extensions.dll
Register platform support module: C:/Program Files/Unity/Hub/Editor/2020.3.6f1/Editor/Data/PlaybackEngines/WindowsStandaloneSupport/UnityEditor.WindowsStandalone.Extensions.dll
Registered in 0.006440 seconds.
Native extension for WindowsStandalone target not found
Native extension for OSXStandalone target not found
Native extension for WebGL target not found
Refreshing native plugins compatible for Editor in 53.41 ms, found 10 plugins.
Preloading 0 native plugins for Editor in 0.00 ms.
Mono: successfully reloaded assembly
- Completed reload, in  1.665 seconds
Platform modules already initialized, skipping
Registering precompiled user dll's ...
Registered in 0.003026 seconds.
Begin MonoManager ReloadAssembly
Native extension for WindowsStandalone target not found
Native extension for OSXStandalone target not found
Native extension for WebGL target not found
Refreshing native plugins compatible for Editor in 44.25 ms, found 10 plugins.
Preloading 0 native plugins for Editor in 0.00 ms.
Mono: successfully reloaded assembly
- Completed reload, in  1.154 seconds
Platform modules already initialized, skipping
========================================================================
Worker process is ready to serve import requests
Launched and connected shader compiler UnityShaderCompiler.exe after 0.05 seconds
Refreshing native plugins compatible for Editor in 0.63 ms, found 10 plugins.
Preloading 0 native plugins for Editor in 0.00 ms.
Unloading 1896 Unused Serialized files (Serialized files now loaded: 0)
System memory in use before: 164.6 MB.
System memory in use after: 164.7 MB.

Unloading 28 unused Assets to reduce memory usage. Loaded Objects now: 2341.
Total: 2.916600 ms (FindLiveObjects: 0.356800 ms CreateObjectMapping: 0.170900 ms MarkObjects: 2.262100 ms  DeleteObjects: 0.124800 ms)

========================================================================
Received Import Request.
  path: Assets/Sprites/TA_goblin.png
  artifactKey: Guid(df53146cdd70ada44a15b3df001bbae7) Importer(815301076,1909f56bfc062723c751e8b465ee728b)
Start importing Assets/Sprites/TA_goblin.png using Guid(df53146cdd70ada44a15b3df001bbae7) Importer(815301076,1909f56bfc062723c751e8b465ee728b)  -> (artifact id: 'd33b9e10f6a58c7da0b3c3ca42358954') in 0.155191 seconds
  Import took 0.158807 seconds .

========================================================================
Received Import Request.
  Time since last request: 130.653804 seconds.
  path: Assets/Prefabs/ExampleNPC.prefab
  artifactKey: Guid(bac815f4303d0db4e8f7a5408598678b) Importer(815301076,1909f56bfc062723c751e8b465ee728b)
Start importing Assets/Prefabs/ExampleNPC.prefab using Guid(bac815f4303d0db4e8f7a5408598678b) Importer(815301076,1909f56bfc062723c751e8b465ee728b)  -> (artifact id: 'a74c9f857bce9281e5d5e0cad92692ce') in 0.046786 seconds
  Import took 0.052313 seconds .

========================================================================
Received Import Request.
  Time since last request: 0.000275 seconds.
  path: Assets/Prefabs/Text Interface.prefab
  artifactKey: Guid(e5d54cfd5b8be2d49a3a48b1f26b3604) Importer(815301076,1909f56bfc062723c751e8b465ee728b)
Start importing Assets/Prefabs/Text Interface.prefab using Guid(e5d54cfd5b8be2d49a3a48b1f26b3604) Importer(815301076,1909f56bfc062723c751e8b465ee728b)  -> (artifact id: 'ace35909184d953416a06866a1a62a17') in 0.098058 seconds
  Import took 0.101991 seconds .

========================================================================
Received Import Request.
  Time since last request: 0.000297 seconds.
  path: Assets/Prefabs/Player.prefab
  artifactKey: Guid(4ffd456412a3228488e15cc7d3ce46cb) Importer(815301076,1909f56bfc062723c751e8b465ee728b)
Start importing Assets/Prefabs/Player.prefab using Guid(4ffd456412a3228488e15cc7d3ce46cb) Importer(815301076,1909f56bfc062723c751e8b465ee728b)  -> (artifact id: 'f0e840960f3aa2aabee9ced9e17ef866') in 0.041316 seconds
  Import took 0.045011 seconds .

========================================================================
Received Import Request.
  Time since last request: 10.177294 seconds.
  path: ProjectSettings/TagManager.asset
  artifactKey: Guid(00000000000000003000000000000000) Importer(815301076,1909f56bfc062723c751e8b465ee728b)
Start importing ProjectSettings/TagManager.asset using Guid(00000000000000003000000000000000) Importer(815301076,1909f56bfc062723c751e8b465ee728b)  -> (artifact id: '834fad0a0f2ff6159fd3f9377f5a5a6d') in 0.013560 seconds
  Import took 0.017651 seconds .

========================================================================
Received Prepare
Registering precompiled user dll's ...
Registered in 0.003260 seconds.
Begin MonoManager ReloadAssembly
Native extension for WindowsStandalone target not found
Native extension for OSXStandalone target not found
Native extension for WebGL target not found
Refreshing native plugins compatible for Editor in 0.49 ms, found 10 plugins.
Preloading 0 native plugins for Editor in 0.00 ms.
Mono: successfully reloaded assembly
- Completed reload, in  1.050 seconds
Platform modules already initialized, skipping
Refreshing native plugins compatible for Editor in 0.82 ms, found 10 plugins.
Preloading 0 native plugins for Editor in 0.00 ms.
Unloading 1860 Unused Serialized files (Serialized files now loaded: 0)
System memory in use before: 164.9 MB.
System memory in use after: 165.0 MB.

Unloading 17 unused Assets to reduce memory usage. Loaded Objects now: 2354.
Total: 2.629500 ms (FindLiveObjects: 0.212400 ms CreateObjectMapping: 0.070800 ms MarkObjects: 2.297700 ms  DeleteObjects: 0.047300 ms)

========================================================================
Received Prepare
Registering precompiled user dll's ...
Registered in 0.004661 seconds.
Begin MonoManager ReloadAssembly
Native extension for WindowsStandalone target not found
Native extension for OSXStandalone target not found
Native extension for WebGL target not found
Refreshing native plugins compatible for Editor in 0.64 ms, found 10 plugins.
Preloading 0 native plugins for Editor in 0.00 ms.
Mono: successfully reloaded assembly
- Completed reload, in  1.109 seconds
Platform modules already initialized, skipping
Refreshing native plugins compatible for Editor in 0.54 ms, found 10 plugins.
Preloading 0 native plugins for Editor in 0.00 ms.
Unloading 1860 Unused Serialized files (Serialized files now loaded: 0)
System memory in use before: 164.9 MB.
System memory in use after: 165.0 MB.

Unloading 16 unused Assets to reduce memory usage. Loaded Objects now: 2358.
Total: 3.604600 ms (FindLiveObjects: 0.319100 ms CreateObjectMapping: 0.112200 ms MarkObjects: 3.114400 ms  DeleteObjects: 0.057700 ms)

========================================================================
Received Import Request.
  Time since last request: 358.209771 seconds.
  path: Assets/Sprites/extracted textures/5.png
  artifactKey: Guid(2719152d0896201428d923c41b3e1f95) Importer(815301076,1909f56bfc062723c751e8b465ee728b)
Start importing Assets/Sprites/extracted textures/5.png using Guid(2719152d0896201428d923c41b3e1f95) Importer(815301076,1909f56bfc062723c751e8b465ee728b)  -> (artifact id: '94d997ad284742b65eb432f4c5ccf83c') in 0.155552 seconds
  Import took 0.159695 seconds .

========================================================================
Received Import Request.
  Time since last request: 0.000324 seconds.
  path: Assets/Sprites/extracted textures/903.png
  artifactKey: Guid(5a755b8dea6efab4ab6cb68d76d2af32) Importer(815301076,1909f56bfc062723c751e8b465ee728b)
Start importing Assets/Sprites/extracted textures/903.png using Guid(5a755b8dea6efab4ab6cb68d76d2af32) Importer(815301076,1909f56bfc062723c751e8b465ee728b)  -> (artifact id: '9cb5afa66ce6fd14dc10d1db9a7d2113') in 0.254420 seconds
  Import took 0.257880 seconds .

========================================================================
Received Import Request.
  Time since last request: 0.000378 seconds.
  path: Assets/Sprites/extracted textures/9.png
  artifactKey: Guid(7ef8705df108ec34aac0d9072f5b4ab6) Importer(815301076,1909f56bfc062723c751e8b465ee728b)
Start importing Assets/Sprites/extracted textures/9.png using Guid(7ef8705df108ec34aac0d9072f5b4ab6) Importer(815301076,1909f56bfc062723c751e8b465ee728b)  -> (artifact id: '94513d5da3c72ea74e0fe27c33660635') in 0.045338 seconds
  Import took 0.049665 seconds .

========================================================================
Received Import Request.
  Time since last request: 0.000477 seconds.
  path: Assets/Sprites/extracted textures/910.png
  artifactKey: Guid(3768cee307b0a3f42bbf0ff57853be47) Importer(815301076,1909f56bfc062723c751e8b465ee728b)
Start importing Assets/Sprites/extracted textures/910.png using Guid(3768cee307b0a3f42bbf0ff57853be47) Importer(815301076,1909f56bfc062723c751e8b465ee728b)  -> (artifact id: '7bc45f872b1d123c69e4a76089c58043') in 0.021633 seconds
  Import took 0.026569 seconds .

========================================================================
Received Import Request.
  Time since last request: 0.000334 seconds.
  path: Assets/Sprites/extracted textures/431.png
  artifactKey: Guid(499abbc7a833b044bb63b40657e14c6c) Importer(815301076,1909f56bfc062723c751e8b465ee728b)
Start importing Assets/Sprites/extracted textures/431.png using Guid(499abbc7a833b044bb63b40657e14c6c) Importer(815301076,1909f56bfc062723c751e8b465ee728b)  -> (artifact id: '54ab8e00c31b46aab6a30b2f9d4539d3') in 0.189824 seconds
  Import took 0.193829 seconds .

========================================================================
Received Import Request.
  Time since last request: 0.000295 seconds.
  path: Assets/Sprites/extracted textures/12.png
  artifactKey: Guid(566f8b032eb427f488578a3617fe1a02) Importer(815301076,1909f56bfc062723c751e8b465ee728b)
Start importing Assets/Sprites/extracted textures/12.png using Guid(566f8b032eb427f488578a3617fe1a02) Importer(815301076,1909f56bfc062723c751e8b465ee728b)  -> (artifact id: 'c58799bd926f23e435c464ca32b96ac2') in 0.172989 seconds
  Import took 0.176265 seconds .

========================================================================
Received Import Request.
  Time since last request: 0.000474 seconds.
  path: Assets/Sprites/extracted textures/899.png
  artifactKey: Guid(f8c184866330ddf46838cc01db046109) Importer(815301076,1909f56bfc062723c751e8b465ee728b)
Start importing Assets/Sprites/extracted textures/899.png using Guid(f8c184866330ddf46838cc01db046109) Importer(815301076,1909f56bfc062723c751e8b465ee728b)  -> (artifact id: 'e5a6869e20159b98ab15306d86e25d0c') in 0.200597 seconds
  Import took 0.204250 seconds .

========================================================================
Received Import Request.
  Time since last request: 0.000389 seconds.
  path: Assets/Sprites/extracted textures/5.png
  artifactKey: Guid(2719152d0896201428d923c41b3e1f95) Importer(815301076,1909f56bfc062723c751e8b465ee728b)
Start importing Assets/Sprites/extracted textures/5.png using Guid(2719152d0896201428d923c41b3e1f95) Importer(815301076,1909f56bfc062723c751e8b465ee728b)  -> (artifact id: '94d997ad284742b65eb432f4c5ccf83c') in 0.015450 seconds
  Import took 0.021701 seconds .

========================================================================
Received Import Request.
  Time since last request: 0.000253 seconds.
  path: Assets/Sprites/extracted textures/6.png
  artifactKey: Guid(3660048a281f98b47b6abd77adb7f002) Importer(815301076,1909f56bfc062723c751e8b465ee728b)
Start importing Assets/Sprites/extracted textures/6.png using Guid(3660048a281f98b47b6abd77adb7f002) Importer(815301076,1909f56bfc062723c751e8b465ee728b)  -> (artifact id: '33724d1c2a257df85c71701ed31cfbec') in 0.196300 seconds
  Import took 0.201394 seconds .

========================================================================
Received Import Request.
  Time since last request: 0.000334 seconds.
  path: Assets/Sprites/extracted textures/15.png
  artifactKey: Guid(643cdc2453500aa408bd64d2a9c80a0f) Importer(815301076,1909f56bfc062723c751e8b465ee728b)
Start importing Assets/Sprites/extracted textures/15.png using Guid(643cdc2453500aa408bd64d2a9c80a0f) Importer(815301076,1909f56bfc062723c751e8b465ee728b)  -> (artifact id: '6a9469b96918ece61a37de8682ca0c5c') in 0.022119 seconds
  Import took 0.025710 seconds .

========================================================================
Received Import Request.
  Time since last request: 0.000326 seconds.
  path: Assets/Sprites/9Slice.png
  artifactKey: Guid(85d6ca0e30655f044834e4912de291e6) Importer(815301076,1909f56bfc062723c751e8b465ee728b)
Start importing Assets/Sprites/9Slice.png using Guid(85d6ca0e30655f044834e4912de291e6) Importer(815301076,1909f56bfc062723c751e8b465ee728b)  -> (artifact id: '31a0310f4c6b48f06dd21ccabea34540') in 0.025697 seconds
  Import took 0.030273 seconds .

========================================================================
Received Import Request.
  Time since last request: 0.000275 seconds.
  path: Assets/Sprites/extracted textures/435.png
  artifactKey: Guid(2d5a7ca5fc880c740b5f1a762d5a9b61) Importer(815301076,1909f56bfc062723c751e8b465ee728b)
Start importing Assets/Sprites/extracted textures/435.png using Guid(2d5a7ca5fc880c740b5f1a762d5a9b61) Importer(815301076,1909f56bfc062723c751e8b465ee728b)  -> (artifact id: 'f143ede966266ac4f45146fff8facd6b') in 0.184742 seconds
  Import took 0.188763 seconds .

========================================================================
Received Import Request.
  Time since last request: 0.000303 seconds.
  path: Assets/Sprites/9Slice 1.png
  artifactKey: Guid(2cd28bf8bdd215448b429a21b920875e) Importer(815301076,1909f56bfc062723c751e8b465ee728b)
Start importing Assets/Sprites/9Slice 1.png using Guid(2cd28bf8bdd215448b429a21b920875e) Importer(815301076,1909f56bfc062723c751e8b465ee728b)  -> (artifact id: '3c8c032f5f310a85aaa2e532c28ab988') in 0.018303 seconds
  Import took 0.021467 seconds .

========================================================================
Received Import Request.
  Time since last request: 0.000341 seconds.
  path: Assets/Sprites/extracted textures/10.png
  artifactKey: Guid(eb3089a9b734c3c47a8e310c9e552d8b) Importer(815301076,1909f56bfc062723c751e8b465ee728b)
Start importing Assets/Sprites/extracted textures/10.png using Guid(eb3089a9b734c3c47a8e310c9e552d8b) Importer(815301076,1909f56bfc062723c751e8b465ee728b)  -> (artifact id: 'e81e9dabb911bfedb4e29a1ca79e78ca') in 0.183748 seconds
  Import took 0.188873 seconds .

========================================================================
Received Import Request.
  Time since last request: 0.000326 seconds.
  path: Assets/Sprites/extracted textures/7.png
  artifactKey: Guid(5444a37bf5e490945b489699e586badf) Importer(815301076,1909f56bfc062723c751e8b465ee728b)
Start importing Assets/Sprites/extracted textures/7.png using Guid(5444a37bf5e490945b489699e586badf) Importer(815301076,1909f56bfc062723c751e8b465ee728b)  -> (artifact id: 'd79b1baa13e66e966b453017608a47a7') in 0.017680 seconds
  Import took 0.023106 seconds .

========================================================================
Received Import Request.
  Time since last request: 0.000459 seconds.
  path: Assets/Sprites/extracted textures/14.png
  artifactKey: Guid(aa7b512d1a0509a44ab117c759531c51) Importer(815301076,1909f56bfc062723c751e8b465ee728b)
Start importing Assets/Sprites/extracted textures/14.png using Guid(aa7b512d1a0509a44ab117c759531c51) Importer(815301076,1909f56bfc062723c751e8b465ee728b)  -> (artifact id: '4eef5386c89f8d1213673eda3075c7ff') in 0.195946 seconds
  Import took 0.200583 seconds .

========================================================================
Received Import Request.
  Time since last request: 0.000322 seconds.
  path: Assets/Sprites/extracted textures/8.png
  artifactKey: Guid(c88e57dc67571e543971684305836ba0) Importer(815301076,1909f56bfc062723c751e8b465ee728b)
Start importing Assets/Sprites/extracted textures/8.png using Guid(c88e57dc67571e543971684305836ba0) Importer(815301076,1909f56bfc062723c751e8b465ee728b)  -> (artifact id: '497ed4eda039751bed05d99659211481') in 0.070559 seconds
  Import took 0.074516 seconds .

========================================================================
Received Import Request.
  Time since last request: 0.000298 seconds.
  path: Assets/Sprites/extracted textures/11.png
  artifactKey: Guid(449a93e71d7d9de47b348d7327ce5709) Importer(815301076,1909f56bfc062723c751e8b465ee728b)
Start importing Assets/Sprites/extracted textures/11.png using Guid(449a93e71d7d9de47b348d7327ce5709) Importer(815301076,1909f56bfc062723c751e8b465ee728b)  -> (artifact id: '85fd7ce1c6feb5bb17b087e803a6b05d') in 0.027704 seconds
  Import took 0.031132 seconds .

========================================================================
Received Import Request.
  Time since last request: 0.000340 seconds.
  path: Assets/Sprites/extracted textures/16.png
  artifactKey: Guid(0219a990a20c5fc40a270a64efc6957e) Importer(815301076,1909f56bfc062723c751e8b465ee728b)
Start importing Assets/Sprites/extracted textures/16.png using Guid(0219a990a20c5fc40a270a64efc6957e) Importer(815301076,1909f56bfc062723c751e8b465ee728b)  -> (artifact id: '6e9bcb55bdc309e5c4fb7dcbd243c9a4') in 0.213175 seconds
  Import took 0.216996 seconds .

========================================================================
Received Import Request.
  Time since last request: 0.000300 seconds.
  path: Assets/Sprites/extracted textures/13.png
  artifactKey: Guid(c424ccfd53d1ce9489c0e489e31fdf89) Importer(815301076,1909f56bfc062723c751e8b465ee728b)
Start importing Assets/Sprites/extracted textures/13.png using Guid(c424ccfd53d1ce9489c0e489e31fdf89) Importer(815301076,1909f56bfc062723c751e8b465ee728b)  -> (artifact id: '164496a13acdb2956e5c765efe307f64') in 0.024165 seconds
  Import took 0.027645 seconds .

========================================================================
Received Import Request.
  Time since last request: 0.000344 seconds.
  path: Assets/Sprites/extracted textures/9 1.png
  artifactKey: Guid(9fe4ae86e43e89b488efa2fab9fd8222) Importer(815301076,1909f56bfc062723c751e8b465ee728b)
Start importing Assets/Sprites/extracted textures/9 1.png using Guid(9fe4ae86e43e89b488efa2fab9fd8222) Importer(815301076,1909f56bfc062723c751e8b465ee728b)  -> (artifact id: '05a0cfb6f664ce0a11c77ed91504c1c2') in 0.016894 seconds
  Import took 0.021133 seconds .

========================================================================
Received Import Request.
  Time since last request: 1.898281 seconds.
  path: Assets/Sprites/player.png
  artifactKey: Guid(064a7959e0a9c7e44a23a1497a2b61ac) Importer(815301076,1909f56bfc062723c751e8b465ee728b)
Start importing Assets/Sprites/player.png using Guid(064a7959e0a9c7e44a23a1497a2b61ac) Importer(815301076,1909f56bfc062723c751e8b465ee728b)  -> (artifact id: '367c0581ba322d02c1cef2d8230e0ca4') in 0.055730 seconds
  Import took 0.060543 seconds .

========================================================================
Received Import Request.
  Time since last request: 0.003078 seconds.
  path: Assets/Sprites/player.png
  artifactKey: Guid(064a7959e0a9c7e44a23a1497a2b61ac) Importer(815301076,1909f56bfc062723c751e8b465ee728b)
Start importing Assets/Sprites/player.png using Guid(064a7959e0a9c7e44a23a1497a2b61ac) Importer(815301076,1909f56bfc062723c751e8b465ee728b)  -> (artifact id: '367c0581ba322d02c1cef2d8230e0ca4') in 0.055698 seconds
  Import took 0.062121 seconds .

========================================================================
Received Prepare
Registering precompiled user dll's ...
Registered in 0.002953 seconds.
Begin MonoManager ReloadAssembly
Native extension for WindowsStandalone target not found
Native extension for OSXStandalone target not found
Native extension for WebGL target not found
Refreshing native plugins compatible for Editor in 0.74 ms, found 10 plugins.
Preloading 0 native plugins for Editor in 0.00 ms.
Mono: successfully reloaded assembly
- Completed reload, in  1.129 seconds
Platform modules already initialized, skipping
Refreshing native plugins compatible for Editor in 0.76 ms, found 10 plugins.
Preloading 0 native plugins for Editor in 0.00 ms.
Unloading 1860 Unused Serialized files (Serialized files now loaded: 0)
System memory in use before: 165.0 MB.
System memory in use after: 165.1 MB.

Unloading 16 unused Assets to reduce memory usage. Loaded Objects now: 2368.
Total: 2.740700 ms (FindLiveObjects: 0.268300 ms CreateObjectMapping: 0.140800 ms MarkObjects: 2.306000 ms  DeleteObjects: 0.024300 ms)

========================================================================
Received Import Request.
  Time since last request: 187.074412 seconds.
  path: ProjectSettings/TagManager.asset
  artifactKey: Guid(00000000000000003000000000000000) Importer(815301076,1909f56bfc062723c751e8b465ee728b)
Start importing ProjectSettings/TagManager.asset using Guid(00000000000000003000000000000000) Importer(815301076,1909f56bfc062723c751e8b465ee728b)  -> (artifact id: 'd3eb9559a06bd37125022e3b2aafaad1') in 0.017679 seconds
  Import took 0.022433 seconds .

========================================================================
Received Import Request.
  Time since last request: 0.010594 seconds.
  path: ProjectSettings/TagManager.asset
  artifactKey: Guid(00000000000000003000000000000000) Importer(815301076,1909f56bfc062723c751e8b465ee728b)
Start importing ProjectSettings/TagManager.asset using Guid(00000000000000003000000000000000) Importer(815301076,1909f56bfc062723c751e8b465ee728b)  -> (artifact id: 'd3eb9559a06bd37125022e3b2aafaad1') in 0.004054 seconds
  Import took 0.010229 seconds .

========================================================================
Received Import Request.
  Time since last request: 6.396174 seconds.
  path: ProjectSettings/TagManager.asset
  artifactKey: Guid(00000000000000003000000000000000) Importer(815301076,1909f56bfc062723c751e8b465ee728b)
Start importing ProjectSettings/TagManager.asset using Guid(00000000000000003000000000000000) Importer(815301076,1909f56bfc062723c751e8b465ee728b)  -> (artifact id: '39f12e53821d986dc829203f116d8160') in 0.009138 seconds
  Import took 0.015083 seconds .

========================================================================
Received Prepare
Registering precompiled user dll's ...
Registered in 0.002512 seconds.
Begin MonoManager ReloadAssembly
Native extension for WindowsStandalone target not found
Native extension for OSXStandalone target not found
Native extension for WebGL target not found
Refreshing native plugins compatible for Editor in 0.73 ms, found 10 plugins.
Preloading 0 native plugins for Editor in 0.00 ms.
Mono: successfully reloaded assembly
- Completed reload, in  1.022 seconds
Platform modules already initialized, skipping
Refreshing native plugins compatible for Editor in 0.53 ms, found 10 plugins.
Preloading 0 native plugins for Editor in 0.00 ms.
Unloading 1860 Unused Serialized files (Serialized files now loaded: 0)
System memory in use before: 165.0 MB.
System memory in use after: 165.1 MB.

Unloading 19 unused Assets to reduce memory usage. Loaded Objects now: 2372.
Total: 2.429300 ms (FindLiveObjects: 0.312700 ms CreateObjectMapping: 0.095100 ms MarkObjects: 1.973400 ms  DeleteObjects: 0.046800 ms)

========================================================================
Received Import Request.
  Time since last request: 20.606331 seconds.
  path: ProjectSettings/TagManager.asset
  artifactKey: Guid(00000000000000003000000000000000) Importer(815301076,1909f56bfc062723c751e8b465ee728b)
Start importing ProjectSettings/TagManager.asset using Guid(00000000000000003000000000000000) Importer(815301076,1909f56bfc062723c751e8b465ee728b)  -> (artifact id: 'f6cde34b10b56586e884f33a1fc4b724') in 0.014836 seconds
  Import took 0.018413 seconds .

========================================================================
Received Prepare
Registering precompiled user dll's ...
Registered in 0.002617 seconds.
Begin MonoManager ReloadAssembly
Native extension for WindowsStandalone target not found
Native extension for OSXStandalone target not found
Native extension for WebGL target not found
Refreshing native plugins compatible for Editor in 0.87 ms, found 10 plugins.
Preloading 0 native plugins for Editor in 0.00 ms.
Mono: successfully reloaded assembly
- Completed reload, in  1.345 seconds
Platform modules already initialized, skipping
Refreshing native plugins compatible for Editor in 0.61 ms, found 10 plugins.
Preloading 0 native plugins for Editor in 0.00 ms.
Unloading 1860 Unused Serialized files (Serialized files now loaded: 0)
System memory in use before: 165.0 MB.
System memory in use after: 165.1 MB.

Unloading 17 unused Assets to reduce memory usage. Loaded Objects now: 2376.
Total: 2.399400 ms (FindLiveObjects: 0.199700 ms CreateObjectMapping: 0.072900 ms MarkObjects: 2.104600 ms  DeleteObjects: 0.020900 ms)

========================================================================
Received Prepare
Registering precompiled user dll's ...
Registered in 0.002817 seconds.
Begin MonoManager ReloadAssembly
Native extension for WindowsStandalone target not found
Native extension for OSXStandalone target not found
Native extension for WebGL target not found
Refreshing native plugins compatible for Editor in 0.56 ms, found 10 plugins.
Preloading 0 native plugins for Editor in 0.00 ms.
Mono: successfully reloaded assembly
- Completed reload, in  1.121 seconds
Platform modules already initialized, skipping
Refreshing native plugins compatible for Editor in 0.55 ms, found 10 plugins.
Preloading 0 native plugins for Editor in 0.00 ms.
Unloading 1860 Unused Serialized files (Serialized files now loaded: 0)
System memory in use before: 165.0 MB.
System memory in use after: 165.1 MB.

Unloading 16 unused Assets to reduce memory usage. Loaded Objects now: 2380.
Total: 2.770400 ms (FindLiveObjects: 0.333800 ms CreateObjectMapping: 0.159100 ms MarkObjects: 2.254700 ms  DeleteObjects: 0.021500 ms)

========================================================================
Received Prepare
Registering precompiled user dll's ...
Registered in 0.003923 seconds.
Begin MonoManager ReloadAssembly
Native extension for WindowsStandalone target not found
Native extension for OSXStandalone target not found
Native extension for WebGL target not found
Refreshing native plugins compatible for Editor in 0.51 ms, found 10 plugins.
Preloading 0 native plugins for Editor in 0.00 ms.
Mono: successfully reloaded assembly
- Completed reload, in  1.100 seconds
Platform modules already initialized, skipping
Refreshing native plugins compatible for Editor in 0.59 ms, found 10 plugins.
Preloading 0 native plugins for Editor in 0.00 ms.
Unloading 1860 Unused Serialized files (Serialized files now loaded: 0)
System memory in use before: 165.0 MB.
System memory in use after: 165.1 MB.

Unloading 16 unused Assets to reduce memory usage. Loaded Objects now: 2384.
Total: 3.730700 ms (FindLiveObjects: 0.272100 ms CreateObjectMapping: 0.095800 ms MarkObjects: 3.339900 ms  DeleteObjects: 0.021000 ms)

========================================================================
Received Prepare
Registering precompiled user dll's ...
Registered in 0.003537 seconds.
Begin MonoManager ReloadAssembly
Native extension for WindowsStandalone target not found
Native extension for OSXStandalone target not found
Native extension for WebGL target not found
Refreshing native plugins compatible for Editor in 0.49 ms, found 10 plugins.
Preloading 0 native plugins for Editor in 0.00 ms.
Mono: successfully reloaded assembly
- Completed reload, in  1.112 seconds
Platform modules already initialized, skipping
Refreshing native plugins compatible for Editor in 0.82 ms, found 10 plugins.
Preloading 0 native plugins for Editor in 0.00 ms.
Unloading 1860 Unused Serialized files (Serialized files now loaded: 0)
System memory in use before: 165.0 MB.
System memory in use after: 165.1 MB.

Unloading 16 unused Assets to reduce memory usage. Loaded Objects now: 2388.
Total: 3.391100 ms (FindLiveObjects: 0.538900 ms CreateObjectMapping: 0.132700 ms MarkObjects: 2.694600 ms  DeleteObjects: 0.022900 ms)

========================================================================
Received Prepare
Registering precompiled user dll's ...
Registered in 0.003853 seconds.
Begin MonoManager ReloadAssembly
Native extension for WindowsStandalone target not found
Native extension for OSXStandalone target not found
Native extension for WebGL target not found
Refreshing native plugins compatible for Editor in 0.62 ms, found 10 plugins.
Preloading 0 native plugins for Editor in 0.00 ms.
Mono: successfully reloaded assembly
- Completed reload, in  1.331 seconds
Platform modules already initialized, skipping
Refreshing native plugins compatible for Editor in 0.73 ms, found 10 plugins.
Preloading 0 native plugins for Editor in 0.00 ms.
Unloading 1860 Unused Serialized files (Serialized files now loaded: 0)
System memory in use before: 165.0 MB.
System memory in use after: 165.1 MB.

Unloading 16 unused Assets to reduce memory usage. Loaded Objects now: 2392.
Total: 3.269500 ms (FindLiveObjects: 0.478500 ms CreateObjectMapping: 0.218100 ms MarkObjects: 2.548600 ms  DeleteObjects: 0.022300 ms)

========================================================================
Received Import Request.
  Time since last request: 603.041522 seconds.
  path: Assets/Prefabs/babay mustachio.prefab
  artifactKey: Guid(37d12e257a8768c4cbfb26b5ca4c58f6) Importer(815301076,1909f56bfc062723c751e8b465ee728b)
Start importing Assets/Prefabs/babay mustachio.prefab using Guid(37d12e257a8768c4cbfb26b5ca4c58f6) Importer(815301076,1909f56bfc062723c751e8b465ee728b)  -> (artifact id: '2dc95937e48f537ebfbbba7862cb0bff') in 0.135651 seconds
  Import took 0.141549 seconds .

========================================================================
Received Import Request.
  Time since last request: 7.067980 seconds.
  path: Assets/Prefabs/moustache kid.prefab
  artifactKey: Guid(85ecbf74343bc3b4293b337ec17192cd) Importer(815301076,1909f56bfc062723c751e8b465ee728b)
Start importing Assets/Prefabs/moustache kid.prefab using Guid(85ecbf74343bc3b4293b337ec17192cd) Importer(815301076,1909f56bfc062723c751e8b465ee728b)  -> (artifact id: '7548c545f3fffbcafb2552f2c5c2a63e') in 0.023991 seconds
  Import took 0.029594 seconds .

========================================================================
Received Prepare
Registering precompiled user dll's ...
Registered in 0.003688 seconds.
Begin MonoManager ReloadAssembly
Native extension for WindowsStandalone target not found
Native extension for OSXStandalone target not found
Native extension for WebGL target not found
Refreshing native plugins compatible for Editor in 0.51 ms, found 10 plugins.
Preloading 0 native plugins for Editor in 0.00 ms.
Mono: successfully reloaded assembly
- Completed reload, in  1.140 seconds
Platform modules already initialized, skipping
Refreshing native plugins compatible for Editor in 0.51 ms, found 10 plugins.
Preloading 0 native plugins for Editor in 0.00 ms.
Unloading 1860 Unused Serialized files (Serialized files now loaded: 0)
System memory in use before: 165.1 MB.
System memory in use after: 165.2 MB.

Unloading 16 unused Assets to reduce memory usage. Loaded Objects now: 2397.
Total: 2.221800 ms (FindLiveObjects: 0.215900 ms CreateObjectMapping: 0.076900 ms MarkObjects: 1.911600 ms  DeleteObjects: 0.016500 ms)

========================================================================
Received Prepare
Registering precompiled user dll's ...
Registered in 0.002934 seconds.
Begin MonoManager ReloadAssembly
Native extension for WindowsStandalone target not found
Native extension for OSXStandalone target not found
Native extension for WebGL target not found
Refreshing native plugins compatible for Editor in 0.52 ms, found 10 plugins.
Preloading 0 native plugins for Editor in 0.00 ms.
Mono: successfully reloaded assembly
- Completed reload, in  1.160 seconds
Platform modules already initialized, skipping
Refreshing native plugins compatible for Editor in 0.66 ms, found 10 plugins.
Preloading 0 native plugins for Editor in 0.00 ms.
Unloading 1860 Unused Serialized files (Serialized files now loaded: 0)
System memory in use before: 165.1 MB.
System memory in use after: 165.2 MB.

Unloading 16 unused Assets to reduce memory usage. Loaded Objects now: 2401.
Total: 3.650600 ms (FindLiveObjects: 0.441800 ms CreateObjectMapping: 0.121900 ms MarkObjects: 3.064200 ms  DeleteObjects: 0.021000 ms)

